000 (37803.000.000) 2024-02-19 14:25:32 Job submitted from host: <10.5.0.107:9618?addrs=10.5.0.107-9618&alias=sugwg-login.syr.edu&noUDP&sock=schedd_1145_f407>
    DAG Node: create_dir_gw.dax_0_local
    pool:local
...
001 (37803.000.000) 2024-02-19 14:25:36 Job executing on host: <10.5.0.107:9618?addrs=10.5.0.107-9618&alias=sugwg-login.syr.edu&noUDP&sock=starter_1828_bdc3_32837>
...
005 (37803.000.000) 2024-02-19 14:25:39 Job terminated.
	(1) Normal termination (return value 0)
		Usr 0 00:00:00, Sys 0 00:00:00  -  Run Remote Usage
		Usr 0 00:00:00, Sys 0 00:00:00  -  Run Local Usage
		Usr 0 00:00:00, Sys 0 00:00:00  -  Total Remote Usage
		Usr 0 00:00:00, Sys 0 00:00:00  -  Total Local Usage
	0  -  Run Bytes Sent By Job
	0  -  Run Bytes Received By Job
	0  -  Total Bytes Sent By Job
	0  -  Total Bytes Received By Job
...
016 (37803.000.000) 2024-02-19 14:25:43 POST Script terminated.
	(1) Normal termination (return value 0)
    DAG Node: create_dir_gw.dax_0_local
...
